<?xml version="1.0" encoding="UTF-8"?>
<testng-results skipped="0" failed="0" ignored="0" total="1" passed="1">
  <reporter-output>
  </reporter-output>
  <suite name="Default suite" duration-ms="36171" started-at="2021-06-09T01:41:16Z" finished-at="2021-06-09T01:41:52Z">
    <groups>
      <group name="cucumber">
        <method signature="TestRunner.feature(cucumber.api.testng.CucumberFeatureWrapper)[pri:0, instance:MyRunner.TestRunner@1f3f4916]" name="feature" class="MyRunner.TestRunner"/>
      </group> <!-- cucumber -->
    </groups>
    <test name="Default test" duration-ms="36171" started-at="2021-06-09T01:41:16Z" finished-at="2021-06-09T01:41:52Z">
      <class name="MyRunner.TestRunner">
        <test-method status="PASS" signature="create()[pri:0, instance:MyRunner.TestRunner@1f3f4916]" name="create" is-config="true" duration-ms="138" started-at="2021-06-09T01:41:16Z" finished-at="2021-06-09T01:41:16Z">
          <reporter-output>
          </reporter-output>
        </test-method> <!-- create -->
        <test-method status="PASS" signature="setUpCucumber()[pri:0, instance:MyRunner.TestRunner@1f3f4916]" name="setUpCucumber" is-config="true" duration-ms="129" started-at="2021-06-09T01:41:16Z" finished-at="2021-06-09T01:41:16Z">
          <reporter-output>
          </reporter-output>
        </test-method> <!-- setUpCucumber -->
        <test-method status="PASS" signature="feature(cucumber.api.testng.CucumberFeatureWrapper)[pri:0, instance:MyRunner.TestRunner@1f3f4916]" name="feature" duration-ms="35982" started-at="2021-06-09T01:41:16Z" description="Runs Cucumber Feature" data-provider="features" finished-at="2021-06-09T01:41:52Z">
          <params>
            <param index="0">
              <value>
                <![CDATA[Out Of Stock check]]>
              </value>
            </param>
          </params>
          <reporter-output>
          </reporter-output>
        </test-method> <!-- feature -->
        <test-method status="PASS" signature="tearDownClass()[pri:0, instance:MyRunner.TestRunner@1f3f4916]" name="tearDownClass" is-config="true" duration-ms="1" started-at="2021-06-09T01:41:52Z" finished-at="2021-06-09T01:41:52Z">
          <reporter-output>
          </reporter-output>
        </test-method> <!-- tearDownClass -->
      </class> <!-- MyRunner.TestRunner -->
    </test> <!-- Default test -->
  </suite> <!-- Default suite -->
</testng-results>
